<?xml version="1.0" encoding="UTF-8"?>
<testng-results skipped="0" failed="0" ignored="0" total="1" passed="1">
  <reporter-output>
  </reporter-output>
  <suite name="Default suite" duration-ms="18038" started-at="2018-11-06T22:22:52Z" finished-at="2018-11-06T22:23:10Z">
    <groups>
    </groups>
    <test name="Default test" duration-ms="18038" started-at="2018-11-06T22:22:52Z" finished-at="2018-11-06T22:23:10Z">
      <class name="wam.PageFatory.CP.CP_001">
        <test-method status="PASS" signature="preCondiciones()[pri:0, instance:wam.PageFatory.CP.CP_001@1a3869f4]" name="preCondiciones" is-config="true" duration-ms="14082" started-at="2018-11-06T22:22:52Z" finished-at="2018-11-06T22:23:06Z">
          <reporter-output>
          </reporter-output>
        </test-method> <!-- preCondiciones -->
        <test-method status="PASS" signature="CP()[pri:0, instance:wam.PageFatory.CP.CP_001@1a3869f4]" name="CP" duration-ms="1943" started-at="2018-11-06T22:23:06Z" finished-at="2018-11-06T22:23:08Z">
          <reporter-output>
          </reporter-output>
        </test-method> <!-- CP -->
        <test-method status="PASS" signature="postCondiciones()[pri:0, instance:wam.PageFatory.CP.CP_001@1a3869f4]" name="postCondiciones" is-config="true" duration-ms="1970" started-at="2018-11-06T22:23:08Z" finished-at="2018-11-06T22:23:10Z">
          <reporter-output>
          </reporter-output>
        </test-method> <!-- postCondiciones -->
      </class> <!-- wam.PageFatory.CP.CP_001 -->
    </test> <!-- Default test -->
  </suite> <!-- Default suite -->
</testng-results>
