<?xml version="1.0" encoding="UTF-8"?>
<testng-results skipped="0" failed="0" ignored="0" total="1" passed="1">
  <reporter-output>
  </reporter-output>
  <suite name="Default suite" duration-ms="56784" started-at="2018-11-08T17:49:42Z" finished-at="2018-11-08T17:50:38Z">
    <groups>
    </groups>
    <test name="Default test" duration-ms="56784" started-at="2018-11-08T17:49:42Z" finished-at="2018-11-08T17:50:38Z">
      <class name="com.wam.Flujos.Flujo_01">
        <test-method status="PASS" signature="preCondiciones()[pri:0, instance:com.wam.Flujos.Flujo_01@7a3d45bd]" name="preCondiciones" is-config="true" duration-ms="28017" started-at="2018-11-08T17:49:42Z" finished-at="2018-11-08T17:50:10Z">
          <reporter-output>
          </reporter-output>
        </test-method> <!-- preCondiciones -->
        <test-method status="PASS" signature="PorFavorLogin()[pri:0, instance:com.wam.Flujos.Flujo_01@7a3d45bd]" name="PorFavorLogin" duration-ms="26370" started-at="2018-11-08T17:50:10Z" finished-at="2018-11-08T17:50:36Z">
          <reporter-output>
          </reporter-output>
        </test-method> <!-- PorFavorLogin -->
        <test-method status="PASS" signature="postCondiciones()[pri:0, instance:com.wam.Flujos.Flujo_01@7a3d45bd]" name="postCondiciones" is-config="true" duration-ms="2366" started-at="2018-11-08T17:50:36Z" finished-at="2018-11-08T17:50:38Z">
          <reporter-output>
          </reporter-output>
        </test-method> <!-- postCondiciones -->
      </class> <!-- com.wam.Flujos.Flujo_01 -->
    </test> <!-- Default test -->
  </suite> <!-- Default suite -->
</testng-results>
